<?xml version="1.0" encoding="utf-8"?><testsuites name="pytest tests"><testsuite name="pytest" errors="0" failures="0" skipped="0" tests="64" time="126.512" timestamp="2026-04-29T23:19:00.295699+00:00" hostname="agent-env-fb2a8df0-7fdd-4bdd-a0e8-d096faeeeebd"><testcase classname="backend.tests.test_sentinelrag" name="test_login_invalid" time="0.388" /><testcase classname="backend.tests.test_sentinelrag" name="test_jwt_required_on_protected_endpoints" time="0.507" /><testcase classname="backend.tests.test_sentinelrag" name="test_auth_me_returns_user" time="1.740" /><testcase classname="backend.tests.test_sentinelrag" name="test_admin_sees_all_8_docs" time="0.143" /><testcase classname="backend.tests.test_sentinelrag" name="test_intern_sees_exactly_3_docs" time="0.133" /><testcase classname="backend.tests.test_sentinelrag" name="test_employee_sees_engineering_and_all_low" time="0.124" /><testcase classname="backend.tests.test_sentinelrag" name="test_manager_finance_sees_q4_finance" time="0.110" /><testcase classname="backend.tests.test_sentinelrag" name="test_intern_ceo_salary_blocked" time="2.251" /><testcase classname="backend.tests.test_sentinelrag" name="test_admin_ceo_salary_granted" time="3.263" /><testcase classname="backend.tests.test_sentinelrag" name="test_guardrail_flags_ceo_salary" time="3.413" /><testcase classname="backend.tests.test_sentinelrag" name="test_employee_q4_finance_excluded" time="2.464" /><testcase classname="backend.tests.test_sentinelrag" name="test_manager_q4_finance_included" time="2.708" /><testcase classname="backend.tests.test_sentinelrag" name="test_intern_cannot_upload_doc" time="0.136" /><testcase classname="backend.tests.test_sentinelrag" name="test_admin_can_upload_and_delete" time="0.812" /><testcase classname="backend.tests.test_sentinelrag" name="test_intern_cannot_delete" time="0.510" /><testcase classname="backend.tests.test_sentinelrag" name="test_audit_logs_admin_only" time="0.267" /><testcase classname="backend.tests.test_sentinelrag" name="test_users_admin_only" time="0.244" /><testcase classname="backend.tests.test_sentinelrag_v2" name="test_guardrail_no_false_positive_on_lessons" time="3.153" /><testcase classname="backend.tests.test_sentinelrag_v2" name="test_guardrail_triggers_on_standalone_ssn" time="1.820" /><testcase classname="backend.tests.test_sentinelrag_v2" name="test_guardrail_triggers_on_social_security" time="2.567" /><testcase classname="backend.tests.test_sentinelrag_v2" name="test_intern_chroma_prefilter_excludes_sensitive_docs[What is the CEO compensation package?]" time="1.857" /><testcase classname="backend.tests.test_sentinelrag_v2" name="test_intern_chroma_prefilter_excludes_sensitive_docs[Tell me about Q4 finance and revenue numbers]" time="1.640" /><testcase classname="backend.tests.test_sentinelrag_v2" name="test_intern_chroma_prefilter_excludes_sensitive_docs[Describe the recent security incident retrospective]" time="3.593" /><testcase classname="backend.tests.test_sentinelrag_v2" name="test_intern_chroma_prefilter_excludes_sensitive_docs[What is the marketing strategy for 2026?]" time="2.972" /><testcase classname="backend.tests.test_sentinelrag_v2" name="test_chat_stream_requires_auth" time="0.118" /><testcase classname="backend.tests.test_sentinelrag_v2" name="test_chat_stream_admin_event_sequence" time="3.157" /><testcase classname="backend.tests.test_sentinelrag_v2" name="test_chat_stream_intern_ceo_no_leak" time="1.728" /><testcase classname="backend.tests.test_sentinelrag_v2" name="test_chroma_index_live_after_upload_and_delete" time="7.893" /><testcase classname="backend.tests.test_sentinelrag_v3" name="test_true_streaming_ttft_reflects_model_latency" time="10.819" /><testcase classname="backend.tests.test_sentinelrag_v3" name="test_streamed_intern_ceo_no_numerical_leak" time="1.674" /><testcase classname="backend.tests.test_sentinelrag_v3" name="test_warmup_function_exists_and_callable" time="1.013" /><testcase classname="backend.tests.test_sentinelrag_v3" name="test_startup_log_contains_embedder_warm" time="0.001" /><testcase classname="backend.tests.test_sentinelrag_v3" name="test_stream_answer_has_fallback_path" time="0.000" /><testcase classname="backend.tests.test_sentinelrag_v3" name="test_batch_chat_after_warmup" time="2.688" /><testcase classname="backend.tests.test_sentinelrag_v4.TestRegression" name="test_login_all_roles" time="1.378" /><testcase classname="backend.tests.test_sentinelrag_v4.TestRegression" name="test_rbac_dave_sees_3" time="0.445" /><testcase classname="backend.tests.test_sentinelrag_v4.TestRegression" name="test_rbac_alice_sees_8" time="0.429" /><testcase classname="backend.tests.test_sentinelrag_v4.TestRegression" name="test_intern_ceo_no_leak" time="1.552" /><testcase classname="backend.tests.test_sentinelrag_v4.TestMetricsEndpoint" name="test_metrics_no_auth_required" time="0.105" /><testcase classname="backend.tests.test_sentinelrag_v4.TestMetricsEndpoint" name="test_metrics_content_type_text_plain" time="0.100" /><testcase classname="backend.tests.test_sentinelrag_v4.TestMetricsEndpoint" name="test_metrics_contains_required_series" time="3.206" /><testcase classname="backend.tests.test_sentinelrag_v4.TestCounterIncrements" name="test_stream_total_increments" time="2.724" /><testcase classname="backend.tests.test_sentinelrag_v4.TestCounterIncrements" name="test_chat_decision_increments" time="2.870" /><testcase classname="backend.tests.test_sentinelrag_v4.TestCounterIncrements" name="test_guardrail_increments_on_ssn" time="2.611" /><testcase classname="backend.tests.test_sentinelrag_v4.TestCounterIncrements" name="test_first_token_histogram_count_ge_1" time="2.419" /><testcase classname="backend.tests.test_sentinelrag_v4.TestFallbackStaysZero" name="test_fallback_zero_after_multiple_streams" time="9.679" /><testcase classname="backend.tests.test_sentinelrag_v4.TestSmokeScript" name="test_smoke_pass_within_budget" time="5.091" /><testcase classname="backend.tests.test_sentinelrag_v4.TestSmokeScript" name="test_smoke_fail_with_tight_budget" time="3.290" /><testcase classname="backend.tests.test_sentinelrag_v5.TestRegression" name="test_login_all_4_roles" time="1.354" /><testcase classname="backend.tests.test_sentinelrag_v5.TestRegression" name="test_rbac_dave_sees_3_docs" time="0.467" /><testcase classname="backend.tests.test_sentinelrag_v5.TestRegression" name="test_rbac_alice_sees_8_docs" time="0.545" /><testcase classname="backend.tests.test_sentinelrag_v5.TestRegression" name="test_intern_ceo_no_leak" time="1.795" /><testcase classname="backend.tests.test_sentinelrag_v5.TestMetricsTokenGating" name="test_no_header_401" time="0.111" /><testcase classname="backend.tests.test_sentinelrag_v5.TestMetricsTokenGating" name="test_wrong_header_401" time="0.126" /><testcase classname="backend.tests.test_sentinelrag_v5.TestMetricsTokenGating" name="test_correct_header_200" time="0.159" /><testcase classname="backend.tests.test_sentinelrag_v5.TestHistogramPathLabel" name="test_path_real_label_present_after_stream" time="3.998" /><testcase classname="backend.tests.test_sentinelrag_v5.TestCounterIncrementsWithToken" name="test_stream_total_increments" time="3.034" /><testcase classname="backend.tests.test_sentinelrag_v5.TestCounterIncrementsWithToken" name="test_chat_decision_granted_increments" time="3.695" /><testcase classname="backend.tests.test_sentinelrag_v5.TestCounterIncrementsWithToken" name="test_guardrail_increments_on_ssn" time="2.124" /><testcase classname="backend.tests.test_sentinelrag_v5.TestSmokeWithToken" name="test_smoke_with_token_passes" time="3.737" /><testcase classname="backend.tests.test_sentinelrag_v5.TestSmokeWithToken" name="test_smoke_without_token_soft_fallback_passes" time="3.192" /><testcase classname="backend.tests.test_sentinelrag_v5.TestMetricsModuleMultiproc" name="test_metrics_module_imports_cleanly" time="0.084" /><testcase classname="backend.tests.test_sentinelrag_v5.TestMetricsModuleMultiproc" name="test_render_metrics_with_multiproc_env" time="0.080" /><testcase classname="backend.tests.test_sentinelrag_v5.TestMetricsModuleMultiproc" name="test_render_metrics_live_endpoint_returns_nonempty_body" time="0.107" /></testsuite></testsuites>