<?xml version="1.0" encoding="utf-8"?><testsuites name="pytest tests"><testsuite name="pytest" errors="0" failures="0" skipped="0" tests="14" time="35.243" timestamp="2026-04-29T23:08:33.613242+00:00" hostname="agent-env-fb2a8df0-7fdd-4bdd-a0e8-d096faeeeebd"><testcase classname="backend.tests.test_sentinelrag_v4.TestRegression" name="test_login_all_roles" time="5.092" /><testcase classname="backend.tests.test_sentinelrag_v4.TestRegression" name="test_rbac_dave_sees_3" time="0.456" /><testcase classname="backend.tests.test_sentinelrag_v4.TestRegression" name="test_rbac_alice_sees_8" time="0.435" /><testcase classname="backend.tests.test_sentinelrag_v4.TestRegression" name="test_intern_ceo_no_leak" time="1.949" /><testcase classname="backend.tests.test_sentinelrag_v4.TestMetricsEndpoint" name="test_metrics_no_auth_required" time="0.120" /><testcase classname="backend.tests.test_sentinelrag_v4.TestMetricsEndpoint" name="test_metrics_content_type_text_plain" time="0.102" /><testcase classname="backend.tests.test_sentinelrag_v4.TestMetricsEndpoint" name="test_metrics_contains_required_series" time="0.108" /><testcase classname="backend.tests.test_sentinelrag_v4.TestCounterIncrements" name="test_stream_total_increments" time="2.935" /><testcase classname="backend.tests.test_sentinelrag_v4.TestCounterIncrements" name="test_chat_decision_increments" time="2.654" /><testcase classname="backend.tests.test_sentinelrag_v4.TestCounterIncrements" name="test_guardrail_increments_on_ssn" time="2.824" /><testcase classname="backend.tests.test_sentinelrag_v4.TestCounterIncrements" name="test_first_token_histogram_count_ge_1" time="2.675" /><testcase classname="backend.tests.test_sentinelrag_v4.TestFallbackStaysZero" name="test_fallback_zero_after_multiple_streams" time="9.562" /><testcase classname="backend.tests.test_sentinelrag_v4.TestSmokeScript" name="test_smoke_pass_within_budget" time="3.081" /><testcase classname="backend.tests.test_sentinelrag_v4.TestSmokeScript" name="test_smoke_fail_with_tight_budget" time="2.870" /></testsuite></testsuites>