<?xml version="1.0" encoding="utf-8"?><testsuites name="pytest tests"><testsuite name="pytest" errors="0" failures="0" skipped="0" tests="34" time="57.084" timestamp="2026-04-29T23:00:37.628194+00:00" hostname="agent-env-fb2a8df0-7fdd-4bdd-a0e8-d096faeeeebd"><testcase classname="backend.tests.test_sentinelrag" name="test_login_invalid" time="0.426" /><testcase classname="backend.tests.test_sentinelrag" name="test_jwt_required_on_protected_endpoints" time="0.478" /><testcase classname="backend.tests.test_sentinelrag" name="test_auth_me_returns_user" time="1.463" /><testcase classname="backend.tests.test_sentinelrag" name="test_admin_sees_all_8_docs" time="0.128" /><testcase classname="backend.tests.test_sentinelrag" name="test_intern_sees_exactly_3_docs" time="0.115" /><testcase classname="backend.tests.test_sentinelrag" name="test_employee_sees_engineering_and_all_low" time="0.121" /><testcase classname="backend.tests.test_sentinelrag" name="test_manager_finance_sees_q4_finance" time="0.124" /><testcase classname="backend.tests.test_sentinelrag" name="test_intern_ceo_salary_blocked" time="2.120" /><testcase classname="backend.tests.test_sentinelrag" name="test_admin_ceo_salary_granted" time="2.822" /><testcase classname="backend.tests.test_sentinelrag" name="test_guardrail_flags_ceo_salary" time="3.012" /><testcase classname="backend.tests.test_sentinelrag" name="test_employee_q4_finance_excluded" time="1.807" /><testcase classname="backend.tests.test_sentinelrag" name="test_manager_q4_finance_included" time="3.229" /><testcase classname="backend.tests.test_sentinelrag" name="test_intern_cannot_upload_doc" time="0.125" /><testcase classname="backend.tests.test_sentinelrag" name="test_admin_can_upload_and_delete" time="0.822" /><testcase classname="backend.tests.test_sentinelrag" name="test_intern_cannot_delete" time="0.106" /><testcase classname="backend.tests.test_sentinelrag" name="test_audit_logs_admin_only" time="0.232" /><testcase classname="backend.tests.test_sentinelrag" name="test_users_admin_only" time="0.245" /><testcase classname="backend.tests.test_sentinelrag_v2" name="test_guardrail_no_false_positive_on_lessons" time="3.091" /><testcase classname="backend.tests.test_sentinelrag_v2" name="test_guardrail_triggers_on_standalone_ssn" time="1.886" /><testcase classname="backend.tests.test_sentinelrag_v2" name="test_guardrail_triggers_on_social_security" time="1.797" /><testcase classname="backend.tests.test_sentinelrag_v2" name="test_intern_chroma_prefilter_excludes_sensitive_docs[What is the CEO compensation package?]" time="1.533" /><testcase classname="backend.tests.test_sentinelrag_v2" name="test_intern_chroma_prefilter_excludes_sensitive_docs[Tell me about Q4 finance and revenue numbers]" time="1.629" /><testcase classname="backend.tests.test_sentinelrag_v2" name="test_intern_chroma_prefilter_excludes_sensitive_docs[Describe the recent security incident retrospective]" time="1.826" /><testcase classname="backend.tests.test_sentinelrag_v2" name="test_intern_chroma_prefilter_excludes_sensitive_docs[What is the marketing strategy for 2026?]" time="1.932" /><testcase classname="backend.tests.test_sentinelrag_v2" name="test_chat_stream_requires_auth" time="0.168" /><testcase classname="backend.tests.test_sentinelrag_v2" name="test_chat_stream_admin_event_sequence" time="3.003" /><testcase classname="backend.tests.test_sentinelrag_v2" name="test_chat_stream_intern_ceo_no_leak" time="1.736" /><testcase classname="backend.tests.test_sentinelrag_v2" name="test_chroma_index_live_after_upload_and_delete" time="7.510" /><testcase classname="backend.tests.test_sentinelrag_v3" name="test_true_streaming_ttft_reflects_model_latency" time="7.294" /><testcase classname="backend.tests.test_sentinelrag_v3" name="test_streamed_intern_ceo_no_numerical_leak" time="2.134" /><testcase classname="backend.tests.test_sentinelrag_v3" name="test_warmup_function_exists_and_callable" time="0.962" /><testcase classname="backend.tests.test_sentinelrag_v3" name="test_startup_log_contains_embedder_warm" time="0.000" /><testcase classname="backend.tests.test_sentinelrag_v3" name="test_stream_answer_has_fallback_path" time="0.000" /><testcase classname="backend.tests.test_sentinelrag_v3" name="test_batch_chat_after_warmup" time="3.122" /></testsuite></testsuites>