<?xml version="1.0" encoding="utf-8"?><testsuites name="pytest tests"><testsuite name="pytest" errors="0" failures="1" skipped="0" tests="16" time="21.991" timestamp="2026-04-29T23:25:32.895510+00:00" hostname="agent-env-fb2a8df0-7fdd-4bdd-a0e8-d096faeeeebd"><testcase classname="backend.tests.test_sentinelrag_v6.TestMetricsTokenHmac" name="test_no_header_returns_401" time="2.022" /><testcase classname="backend.tests.test_sentinelrag_v6.TestMetricsTokenHmac" name="test_wrong_token_returns_401" time="0.143" /><testcase classname="backend.tests.test_sentinelrag_v6.TestMetricsTokenHmac" name="test_wrong_same_length_returns_401" time="0.124" /><testcase classname="backend.tests.test_sentinelrag_v6.TestMetricsTokenHmac" name="test_empty_header_returns_401" time="0.114" /><testcase classname="backend.tests.test_sentinelrag_v6.TestMetricsTokenHmac" name="test_correct_token_returns_200" time="0.119" /><testcase classname="backend.tests.test_sentinelrag_v6.TestMetricsTokenHmac" name="test_server_did_not_crash_after_bad_requests" time="0.908" /><testcase classname="backend.tests.test_sentinelrag_v6.TestCardinalityLock" name="test_observe_first_token_unknown_path_raises" time="0.015"><failure message="subprocess.CalledProcessError: Command '['/root/.venv/bin/python', '-c', &quot;import sys; sys.path.insert(0, r'/app/backend'); import metrics; try:\n    metrics.observe_first_token('hacked', 0.5)\n    print('NO_RAISE')\nexcept ValueError as e:\n    print('RAISED:' + str(e))\n&quot;]' returned non-zero exit status 1.">backend/tests/test_sentinelrag_v6.py:134: in test_observe_first_token_unknown_path_raises
    out = subprocess.check_output(
/usr/local/lib/python3.11/subprocess.py:466: in check_output
    return run(*popenargs, stdout=PIPE, timeout=timeout, check=True,
/usr/local/lib/python3.11/subprocess.py:571: in run
    raise CalledProcessError(retcode, process.args,
E   subprocess.CalledProcessError: Command '['/root/.venv/bin/python', '-c', "import sys; sys.path.insert(0, r'/app/backend'); import metrics; try:\n    metrics.observe_first_token('hacked', 0.5)\n    print('NO_RAISE')\nexcept ValueError as e:\n    print('RAISED:' + str(e))\n"]' returned non-zero exit status 1.</failure></testcase><testcase classname="backend.tests.test_sentinelrag_v6.TestCardinalityLock" name="test_observe_first_token_known_paths_ok" time="0.068" /><testcase classname="backend.tests.test_sentinelrag_v6.TestCardinalityLock" name="test_both_child_series_present_in_exposition" time="0.116" /><testcase classname="backend.tests.test_sentinelrag_v6.TestCardinalityLock" name="test_stream_increments_real_not_fallback" time="3.477" /><testcase classname="backend.tests.test_sentinelrag_v6.TestSmokeStreamWarnOn401" name="test_smoke_warn_when_no_token_against_protected_backend" time="3.247" /><testcase classname="backend.tests.test_sentinelrag_v6.TestSmokeStreamWarnOn401" name="test_smoke_no_warn_when_correct_token" time="3.078" /><testcase classname="backend.tests.test_sentinelrag_v6.TestIter6Regression" name="test_four_role_login" time="1.363" /><testcase classname="backend.tests.test_sentinelrag_v6.TestIter6Regression" name="test_guardrail_still_fires" time="2.032" /><testcase classname="backend.tests.test_sentinelrag_v6.TestIter6Regression" name="test_intern_ceo_no_leak" time="2.344" /><testcase classname="backend.tests.test_sentinelrag_v6.TestIter6Regression" name="test_stream_total_increments" time="2.372" /></testsuite></testsuites>