<?xml version="1.0" encoding="utf-8"?><testsuites name="pytest tests"><testsuite name="pytest" errors="0" failures="0" skipped="0" tests="48" time="85.392" timestamp="2026-04-29T23:09:22.858567+00:00" hostname="agent-env-fb2a8df0-7fdd-4bdd-a0e8-d096faeeeebd"><testcase classname="backend.tests.test_sentinelrag" name="test_login_invalid" time="0.349" /><testcase classname="backend.tests.test_sentinelrag" name="test_jwt_required_on_protected_endpoints" time="0.423" /><testcase classname="backend.tests.test_sentinelrag" name="test_auth_me_returns_user" time="1.437" /><testcase classname="backend.tests.test_sentinelrag" name="test_admin_sees_all_8_docs" time="0.124" /><testcase classname="backend.tests.test_sentinelrag" name="test_intern_sees_exactly_3_docs" time="0.106" /><testcase classname="backend.tests.test_sentinelrag" name="test_employee_sees_engineering_and_all_low" time="0.099" /><testcase classname="backend.tests.test_sentinelrag" name="test_manager_finance_sees_q4_finance" time="0.119" /><testcase classname="backend.tests.test_sentinelrag" name="test_intern_ceo_salary_blocked" time="1.890" /><testcase classname="backend.tests.test_sentinelrag" name="test_admin_ceo_salary_granted" time="2.767" /><testcase classname="backend.tests.test_sentinelrag" name="test_guardrail_flags_ceo_salary" time="3.247" /><testcase classname="backend.tests.test_sentinelrag" name="test_employee_q4_finance_excluded" time="1.610" /><testcase classname="backend.tests.test_sentinelrag" name="test_manager_q4_finance_included" time="3.402" /><testcase classname="backend.tests.test_sentinelrag" name="test_intern_cannot_upload_doc" time="0.179" /><testcase classname="backend.tests.test_sentinelrag" name="test_admin_can_upload_and_delete" time="0.858" /><testcase classname="backend.tests.test_sentinelrag" name="test_intern_cannot_delete" time="0.120" /><testcase classname="backend.tests.test_sentinelrag" name="test_audit_logs_admin_only" time="0.223" /><testcase classname="backend.tests.test_sentinelrag" name="test_users_admin_only" time="0.230" /><testcase classname="backend.tests.test_sentinelrag_v2" name="test_guardrail_no_false_positive_on_lessons" time="3.026" /><testcase classname="backend.tests.test_sentinelrag_v2" name="test_guardrail_triggers_on_standalone_ssn" time="1.692" /><testcase classname="backend.tests.test_sentinelrag_v2" name="test_guardrail_triggers_on_social_security" time="1.788" /><testcase classname="backend.tests.test_sentinelrag_v2" name="test_intern_chroma_prefilter_excludes_sensitive_docs[What is the CEO compensation package?]" time="1.866" /><testcase classname="backend.tests.test_sentinelrag_v2" name="test_intern_chroma_prefilter_excludes_sensitive_docs[Tell me about Q4 finance and revenue numbers]" time="1.617" /><testcase classname="backend.tests.test_sentinelrag_v2" name="test_intern_chroma_prefilter_excludes_sensitive_docs[Describe the recent security incident retrospective]" time="1.534" /><testcase classname="backend.tests.test_sentinelrag_v2" name="test_intern_chroma_prefilter_excludes_sensitive_docs[What is the marketing strategy for 2026?]" time="1.939" /><testcase classname="backend.tests.test_sentinelrag_v2" name="test_chat_stream_requires_auth" time="0.106" /><testcase classname="backend.tests.test_sentinelrag_v2" name="test_chat_stream_admin_event_sequence" time="2.625" /><testcase classname="backend.tests.test_sentinelrag_v2" name="test_chat_stream_intern_ceo_no_leak" time="1.441" /><testcase classname="backend.tests.test_sentinelrag_v2" name="test_chroma_index_live_after_upload_and_delete" time="7.009" /><testcase classname="backend.tests.test_sentinelrag_v3" name="test_true_streaming_ttft_reflects_model_latency" time="7.183" /><testcase classname="backend.tests.test_sentinelrag_v3" name="test_streamed_intern_ceo_no_numerical_leak" time="1.677" /><testcase classname="backend.tests.test_sentinelrag_v3" name="test_warmup_function_exists_and_callable" time="0.978" /><testcase classname="backend.tests.test_sentinelrag_v3" name="test_startup_log_contains_embedder_warm" time="0.000" /><testcase classname="backend.tests.test_sentinelrag_v3" name="test_stream_answer_has_fallback_path" time="0.000" /><testcase classname="backend.tests.test_sentinelrag_v3" name="test_batch_chat_after_warmup" time="2.776" /><testcase classname="backend.tests.test_sentinelrag_v4.TestRegression" name="test_login_all_roles" time="1.416" /><testcase classname="backend.tests.test_sentinelrag_v4.TestRegression" name="test_rbac_dave_sees_3" time="0.482" /><testcase classname="backend.tests.test_sentinelrag_v4.TestRegression" name="test_rbac_alice_sees_8" time="0.465" /><testcase classname="backend.tests.test_sentinelrag_v4.TestRegression" name="test_intern_ceo_no_leak" time="1.856" /><testcase classname="backend.tests.test_sentinelrag_v4.TestMetricsEndpoint" name="test_metrics_no_auth_required" time="0.112" /><testcase classname="backend.tests.test_sentinelrag_v4.TestMetricsEndpoint" name="test_metrics_content_type_text_plain" time="0.114" /><testcase classname="backend.tests.test_sentinelrag_v4.TestMetricsEndpoint" name="test_metrics_contains_required_series" time="0.110" /><testcase classname="backend.tests.test_sentinelrag_v4.TestCounterIncrements" name="test_stream_total_increments" time="2.681" /><testcase classname="backend.tests.test_sentinelrag_v4.TestCounterIncrements" name="test_chat_decision_increments" time="2.837" /><testcase classname="backend.tests.test_sentinelrag_v4.TestCounterIncrements" name="test_guardrail_increments_on_ssn" time="2.779" /><testcase classname="backend.tests.test_sentinelrag_v4.TestCounterIncrements" name="test_first_token_histogram_count_ge_1" time="2.445" /><testcase classname="backend.tests.test_sentinelrag_v4.TestFallbackStaysZero" name="test_fallback_zero_after_multiple_streams" time="9.356" /><testcase classname="backend.tests.test_sentinelrag_v4.TestSmokeScript" name="test_smoke_pass_within_budget" time="3.242" /><testcase classname="backend.tests.test_sentinelrag_v4.TestSmokeScript" name="test_smoke_fail_with_tight_budget" time="2.974" /></testsuite></testsuites>