<?xml version="1.0" encoding="utf-8"?><testsuites name="pytest tests"><testsuite name="pytest" errors="0" failures="0" skipped="0" tests="9" time="14.575" timestamp="2026-04-29T23:45:15.371458+00:00" hostname="agent-env-fb2a8df0-7fdd-4bdd-a0e8-d096faeeeebd"><testcase classname="backend.tests.test_sentinelrag_v7.TestAdminOpsRBAC" name="test_admin_alice_200_and_shape" time="0.520" /><testcase classname="backend.tests.test_sentinelrag_v7.TestAdminOpsRBAC" name="test_non_admin_gets_403[bob]" time="0.484" /><testcase classname="backend.tests.test_sentinelrag_v7.TestAdminOpsRBAC" name="test_non_admin_gets_403[carol]" time="0.435" /><testcase classname="backend.tests.test_sentinelrag_v7.TestAdminOpsRBAC" name="test_non_admin_gets_403[dave]" time="0.432" /><testcase classname="backend.tests.test_sentinelrag_v7.TestAdminOpsRBAC" name="test_missing_token_returns_401" time="0.153" /><testcase classname="backend.tests.test_sentinelrag_v7.TestOpsMetricsConsistency" name="test_ops_matches_metrics_and_deltas" time="5.789" /><testcase classname="backend.tests.test_sentinelrag_v7.TestTtftP95" name="test_p95_real_grows_after_stream" time="5.640" /><testcase classname="backend.tests.test_sentinelrag_v7.TestOpsMath" name="test_fallback_rate_and_ratio_math" time="0.453" /><testcase classname="backend.tests.test_sentinelrag_v7.TestOpsMath" name="test_no_zero_division_when_granted_zero" time="0.579" /></testsuite></testsuites>