<?xml version="1.0" encoding="utf-8"?><testsuites name="pytest tests"><testsuite name="pytest" errors="0" failures="0" skipped="0" tests="89" time="160.142" timestamp="2026-04-29T23:45:41.064708+00:00" hostname="agent-env-fb2a8df0-7fdd-4bdd-a0e8-d096faeeeebd"><testcase classname="backend.tests.test_sentinelrag" name="test_login_invalid" time="0.362" /><testcase classname="backend.tests.test_sentinelrag" name="test_jwt_required_on_protected_endpoints" time="0.455" /><testcase classname="backend.tests.test_sentinelrag" name="test_auth_me_returns_user" time="1.420" /><testcase classname="backend.tests.test_sentinelrag" name="test_admin_sees_all_8_docs" time="0.112" /><testcase classname="backend.tests.test_sentinelrag" name="test_intern_sees_exactly_3_docs" time="0.119" /><testcase classname="backend.tests.test_sentinelrag" name="test_employee_sees_engineering_and_all_low" time="0.113" /><testcase classname="backend.tests.test_sentinelrag" name="test_manager_finance_sees_q4_finance" time="0.121" /><testcase classname="backend.tests.test_sentinelrag" name="test_intern_ceo_salary_blocked" time="1.806" /><testcase classname="backend.tests.test_sentinelrag" name="test_admin_ceo_salary_granted" time="2.430" /><testcase classname="backend.tests.test_sentinelrag" name="test_guardrail_flags_ceo_salary" time="2.905" /><testcase classname="backend.tests.test_sentinelrag" name="test_employee_q4_finance_excluded" time="1.957" /><testcase classname="backend.tests.test_sentinelrag" name="test_manager_q4_finance_included" time="3.010" /><testcase classname="backend.tests.test_sentinelrag" name="test_intern_cannot_upload_doc" time="0.159" /><testcase classname="backend.tests.test_sentinelrag" name="test_admin_can_upload_and_delete" time="0.841" /><testcase classname="backend.tests.test_sentinelrag" name="test_intern_cannot_delete" time="0.107" /><testcase classname="backend.tests.test_sentinelrag" name="test_audit_logs_admin_only" time="0.224" /><testcase classname="backend.tests.test_sentinelrag" name="test_users_admin_only" time="0.218" /><testcase classname="backend.tests.test_sentinelrag_v2" name="test_guardrail_no_false_positive_on_lessons" time="3.228" /><testcase classname="backend.tests.test_sentinelrag_v2" name="test_guardrail_triggers_on_standalone_ssn" time="2.038" /><testcase classname="backend.tests.test_sentinelrag_v2" name="test_guardrail_triggers_on_social_security" time="1.963" /><testcase classname="backend.tests.test_sentinelrag_v2" name="test_intern_chroma_prefilter_excludes_sensitive_docs[What is the CEO compensation package?]" time="3.515" /><testcase classname="backend.tests.test_sentinelrag_v2" name="test_intern_chroma_prefilter_excludes_sensitive_docs[Tell me about Q4 finance and revenue numbers]" time="1.882" /><testcase classname="backend.tests.test_sentinelrag_v2" name="test_intern_chroma_prefilter_excludes_sensitive_docs[Describe the recent security incident retrospective]" time="2.117" /><testcase classname="backend.tests.test_sentinelrag_v2" name="test_intern_chroma_prefilter_excludes_sensitive_docs[What is the marketing strategy for 2026?]" time="1.625" /><testcase classname="backend.tests.test_sentinelrag_v2" name="test_chat_stream_requires_auth" time="0.138" /><testcase classname="backend.tests.test_sentinelrag_v2" name="test_chat_stream_admin_event_sequence" time="3.062" /><testcase classname="backend.tests.test_sentinelrag_v2" name="test_chat_stream_intern_ceo_no_leak" time="1.742" /><testcase classname="backend.tests.test_sentinelrag_v2" name="test_chroma_index_live_after_upload_and_delete" time="8.002" /><testcase classname="backend.tests.test_sentinelrag_v3" name="test_true_streaming_ttft_reflects_model_latency" time="9.038" /><testcase classname="backend.tests.test_sentinelrag_v3" name="test_streamed_intern_ceo_no_numerical_leak" time="1.783" /><testcase classname="backend.tests.test_sentinelrag_v3" name="test_warmup_function_exists_and_callable" time="1.408" /><testcase classname="backend.tests.test_sentinelrag_v3" name="test_startup_log_contains_embedder_warm" time="0.002" /><testcase classname="backend.tests.test_sentinelrag_v3" name="test_stream_answer_has_fallback_path" time="0.000" /><testcase classname="backend.tests.test_sentinelrag_v3" name="test_batch_chat_after_warmup" time="2.956" /><testcase classname="backend.tests.test_sentinelrag_v4.TestRegression" name="test_login_all_roles" time="1.364" /><testcase classname="backend.tests.test_sentinelrag_v4.TestRegression" name="test_rbac_dave_sees_3" time="0.452" /><testcase classname="backend.tests.test_sentinelrag_v4.TestRegression" name="test_rbac_alice_sees_8" time="0.451" /><testcase classname="backend.tests.test_sentinelrag_v4.TestRegression" name="test_intern_ceo_no_leak" time="1.831" /><testcase classname="backend.tests.test_sentinelrag_v4.TestMetricsEndpoint" name="test_metrics_no_auth_required" time="0.113" /><testcase classname="backend.tests.test_sentinelrag_v4.TestMetricsEndpoint" name="test_metrics_content_type_text_plain" time="0.128" /><testcase classname="backend.tests.test_sentinelrag_v4.TestMetricsEndpoint" name="test_metrics_contains_required_series" time="2.614" /><testcase classname="backend.tests.test_sentinelrag_v4.TestCounterIncrements" name="test_stream_total_increments" time="4.925" /><testcase classname="backend.tests.test_sentinelrag_v4.TestCounterIncrements" name="test_chat_decision_increments" time="2.813" /><testcase classname="backend.tests.test_sentinelrag_v4.TestCounterIncrements" name="test_guardrail_increments_on_ssn" time="3.033" /><testcase classname="backend.tests.test_sentinelrag_v4.TestCounterIncrements" name="test_first_token_histogram_count_ge_1" time="2.535" /><testcase classname="backend.tests.test_sentinelrag_v4.TestFallbackStaysZero" name="test_fallback_zero_after_multiple_streams" time="8.560" /><testcase classname="backend.tests.test_sentinelrag_v4.TestSmokeScript" name="test_smoke_pass_within_budget" time="3.151" /><testcase classname="backend.tests.test_sentinelrag_v4.TestSmokeScript" name="test_smoke_fail_with_tight_budget" time="2.971" /><testcase classname="backend.tests.test_sentinelrag_v5.TestRegression" name="test_login_all_4_roles" time="1.413" /><testcase classname="backend.tests.test_sentinelrag_v5.TestRegression" name="test_rbac_dave_sees_3_docs" time="0.470" /><testcase classname="backend.tests.test_sentinelrag_v5.TestRegression" name="test_rbac_alice_sees_8_docs" time="0.613" /><testcase classname="backend.tests.test_sentinelrag_v5.TestRegression" name="test_intern_ceo_no_leak" time="2.324" /><testcase classname="backend.tests.test_sentinelrag_v5.TestMetricsTokenGating" name="test_no_header_401" time="0.115" /><testcase classname="backend.tests.test_sentinelrag_v5.TestMetricsTokenGating" name="test_wrong_header_401" time="0.110" /><testcase classname="backend.tests.test_sentinelrag_v5.TestMetricsTokenGating" name="test_correct_header_200" time="0.132" /><testcase classname="backend.tests.test_sentinelrag_v5.TestHistogramPathLabel" name="test_path_real_label_present_after_stream" time="2.838" /><testcase classname="backend.tests.test_sentinelrag_v5.TestCounterIncrementsWithToken" name="test_stream_total_increments" time="2.825" /><testcase classname="backend.tests.test_sentinelrag_v5.TestCounterIncrementsWithToken" name="test_chat_decision_granted_increments" time="3.549" /><testcase classname="backend.tests.test_sentinelrag_v5.TestCounterIncrementsWithToken" name="test_guardrail_increments_on_ssn" time="2.402" /><testcase classname="backend.tests.test_sentinelrag_v5.TestSmokeWithToken" name="test_smoke_with_token_passes" time="3.356" /><testcase classname="backend.tests.test_sentinelrag_v5.TestSmokeWithToken" name="test_smoke_without_token_soft_fallback_passes" time="5.349" /><testcase classname="backend.tests.test_sentinelrag_v5.TestMetricsModuleMultiproc" name="test_metrics_module_imports_cleanly" time="0.071" /><testcase classname="backend.tests.test_sentinelrag_v5.TestMetricsModuleMultiproc" name="test_render_metrics_with_multiproc_env" time="0.070" /><testcase classname="backend.tests.test_sentinelrag_v5.TestMetricsModuleMultiproc" name="test_render_metrics_live_endpoint_returns_nonempty_body" time="0.102" /><testcase classname="backend.tests.test_sentinelrag_v6.TestMetricsTokenHmac" name="test_no_header_returns_401" time="0.120" /><testcase classname="backend.tests.test_sentinelrag_v6.TestMetricsTokenHmac" name="test_wrong_token_returns_401" time="0.097" /><testcase classname="backend.tests.test_sentinelrag_v6.TestMetricsTokenHmac" name="test_wrong_same_length_returns_401" time="0.099" /><testcase classname="backend.tests.test_sentinelrag_v6.TestMetricsTokenHmac" name="test_empty_header_returns_401" time="0.110" /><testcase classname="backend.tests.test_sentinelrag_v6.TestMetricsTokenHmac" name="test_correct_token_returns_200" time="0.118" /><testcase classname="backend.tests.test_sentinelrag_v6.TestMetricsTokenHmac" name="test_server_did_not_crash_after_bad_requests" time="0.864" /><testcase classname="backend.tests.test_sentinelrag_v6.TestCardinalityLock" name="test_observe_first_token_unknown_path_raises" time="0.076" /><testcase classname="backend.tests.test_sentinelrag_v6.TestCardinalityLock" name="test_observe_first_token_known_paths_ok" time="0.071" /><testcase classname="backend.tests.test_sentinelrag_v6.TestCardinalityLock" name="test_both_child_series_present_in_exposition" time="0.111" /><testcase classname="backend.tests.test_sentinelrag_v6.TestCardinalityLock" name="test_stream_increments_real_not_fallback" time="10.253" /><testcase classname="backend.tests.test_sentinelrag_v6.TestSmokeStreamWarnOn401" name="test_smoke_warn_when_no_token_against_protected_backend" time="3.232" /><testcase classname="backend.tests.test_sentinelrag_v6.TestSmokeStreamWarnOn401" name="test_smoke_no_warn_when_correct_token" time="3.081" /><testcase classname="backend.tests.test_sentinelrag_v6.TestIter6Regression" name="test_four_role_login" time="1.426" /><testcase classname="backend.tests.test_sentinelrag_v6.TestIter6Regression" name="test_guardrail_still_fires" time="2.365" /><testcase classname="backend.tests.test_sentinelrag_v6.TestIter6Regression" name="test_intern_ceo_no_leak" time="2.315" /><testcase classname="backend.tests.test_sentinelrag_v6.TestIter6Regression" name="test_stream_total_increments" time="2.216" /><testcase classname="backend.tests.test_sentinelrag_v7.TestAdminOpsRBAC" name="test_admin_alice_200_and_shape" time="0.450" /><testcase classname="backend.tests.test_sentinelrag_v7.TestAdminOpsRBAC" name="test_non_admin_gets_403[bob]" time="0.469" /><testcase classname="backend.tests.test_sentinelrag_v7.TestAdminOpsRBAC" name="test_non_admin_gets_403[carol]" time="0.430" /><testcase classname="backend.tests.test_sentinelrag_v7.TestAdminOpsRBAC" name="test_non_admin_gets_403[dave]" time="0.451" /><testcase classname="backend.tests.test_sentinelrag_v7.TestAdminOpsRBAC" name="test_missing_token_returns_401" time="0.112" /><testcase classname="backend.tests.test_sentinelrag_v7.TestOpsMetricsConsistency" name="test_ops_matches_metrics_and_deltas" time="5.807" /><testcase classname="backend.tests.test_sentinelrag_v7.TestTtftP95" name="test_p95_real_grows_after_stream" time="3.256" /><testcase classname="backend.tests.test_sentinelrag_v7.TestOpsMath" name="test_fallback_rate_and_ratio_math" time="0.442" /><testcase classname="backend.tests.test_sentinelrag_v7.TestOpsMath" name="test_no_zero_division_when_granted_zero" time="0.464" /></testsuite></testsuites>