<?xml version="1.0" encoding="utf-8"?><testsuites name="pytest tests"><testsuite name="pytest" errors="0" failures="1" skipped="0" tests="30" time="52.019" timestamp="2026-04-29T23:17:32.003091+00:00" hostname="agent-env-fb2a8df0-7fdd-4bdd-a0e8-d096faeeeebd"><testcase classname="backend.tests.test_sentinelrag_v4.TestRegression" name="test_login_all_roles" time="1.477" /><testcase classname="backend.tests.test_sentinelrag_v4.TestRegression" name="test_rbac_dave_sees_3" time="0.546" /><testcase classname="backend.tests.test_sentinelrag_v4.TestRegression" name="test_rbac_alice_sees_8" time="0.460" /><testcase classname="backend.tests.test_sentinelrag_v4.TestRegression" name="test_intern_ceo_no_leak" time="2.047" /><testcase classname="backend.tests.test_sentinelrag_v4.TestMetricsEndpoint" name="test_metrics_no_auth_required" time="0.108" /><testcase classname="backend.tests.test_sentinelrag_v4.TestMetricsEndpoint" name="test_metrics_content_type_text_plain" time="0.107" /><testcase classname="backend.tests.test_sentinelrag_v4.TestMetricsEndpoint" name="test_metrics_contains_required_series" time="0.110"><failure message="AssertionError: missing sample line for sentinel_stream_first_token_seconds_bucket&#10;assert None&#10; +  where None = &lt;built-in method search of re.Pattern object at 0xad4ed1b2baa0&gt;('# HELP python_gc_objects_collected_total Objects collected during gc\n# TYPE python_gc_objects_collected_total counter\npython_gc_objects_collected_total{generation=&quot;0&quot;} 1938.0\npython_gc_objects_collected_total{generation=&quot;1&quot;} 967.0\npython_gc_objects_collected_total{generation=&quot;2&quot;} 96.0\n# HELP python_gc_objects_uncollectable_total Uncollectable objects found during GC\n# TYPE python_gc_objects_uncollectable_total counter\npython_gc_objects_uncollectable_total{generation=&quot;0&quot;} 0.0\npython_gc_objects_uncollectable_total{generation=&quot;1&quot;} 0.0\npython_gc_objects_uncollectable_total{generation=&quot;2&quot;} 0.0\n# HELP python_gc_collections_total Number of times this generation was collected\n# TYPE python_gc_collections_total counter\npython_gc_collections_total{generation=&quot;0&quot;} 643.0\npython_gc_collections_total{generation=&quot;1&quot;} 58.0\npython_gc_collections_total{generation=&quot;2&quot;} 5.0\n# HELP python_info Python platform information\n# TYPE python_info gauge\npython_info{implementation=&quot;CPython&quot;,major=&quot;3&quot;,minor=&quot;11&quot;,patchlevel=&quot;15&quot;,version=&quot;3.11.15&quot;} 1.0\n# HELP process_virtual_memory_bytes Virtual memory size in bytes.\n# TYPE process_virtual_memory_bytes gauge\nprocess_virtual_memory_bytes 2.06...fallback_total 0.0\n# HELP sentinel_stream_fallback_created Streaming chat requests that fell back to pseudo-stream after a real-stream error\n# TYPE sentinel_stream_fallback_created gauge\nsentinel_stream_fallback_created 1.777504642705677e+09\n# HELP sentinel_stream_first_token_seconds Wall-clock seconds from stream_answer entry to the first emitted chunk\n# TYPE sentinel_stream_first_token_seconds histogram\n# HELP sentinel_chat_decision_total Chat requests by access decision\n# TYPE sentinel_chat_decision_total counter\nsentinel_chat_decision_total{decision=&quot;partial&quot;} 1.0\n# HELP sentinel_chat_decision_created Chat requests by access decision\n# TYPE sentinel_chat_decision_created gauge\nsentinel_chat_decision_created{decision=&quot;partial&quot;} 1.777504656596835e+09\n# HELP sentinel_guardrail_triggered_total Number of chat queries that matched a sensitive-pattern guardrail\n# TYPE sentinel_guardrail_triggered_total counter\nsentinel_guardrail_triggered_total 0.0\n# HELP sentinel_guardrail_triggered_created Number of chat queries that matched a sensitive-pattern guardrail\n# TYPE sentinel_guardrail_triggered_created gauge\nsentinel_guardrail_triggered_created 1.7775046427057052e+09\n')&#10; +    where &lt;built-in method search of re.Pattern object at 0xad4ed1b2baa0&gt; = re.compile('^sentinel_stream_first_token_seconds_bucket(\\{[^}]*\\})?\\s+[0-9.eE+-]+$', re.MULTILINE).search">backend/tests/test_sentinelrag_v4.py:132: in test_metrics_contains_required_series
    assert pattern.search(body), f"missing sample line for {name}"
E   AssertionError: missing sample line for sentinel_stream_first_token_seconds_bucket
E   assert None
E    +  where None = &lt;built-in method search of re.Pattern object at 0xad4ed1b2baa0&gt;('# HELP python_gc_objects_collected_total Objects collected during gc\n# TYPE python_gc_objects_collected_total counter\npython_gc_objects_collected_total{generation="0"} 1938.0\npython_gc_objects_collected_total{generation="1"} 967.0\npython_gc_objects_collected_total{generation="2"} 96.0\n# HELP python_gc_objects_uncollectable_total Uncollectable objects found during GC\n# TYPE python_gc_objects_uncollectable_total counter\npython_gc_objects_uncollectable_total{generation="0"} 0.0\npython_gc_objects_uncollectable_total{generation="1"} 0.0\npython_gc_objects_uncollectable_total{generation="2"} 0.0\n# HELP python_gc_collections_total Number of times this generation was collected\n# TYPE python_gc_collections_total counter\npython_gc_collections_total{generation="0"} 643.0\npython_gc_collections_total{generation="1"} 58.0\npython_gc_collections_total{generation="2"} 5.0\n# HELP python_info Python platform information\n# TYPE python_info gauge\npython_info{implementation="CPython",major="3",minor="11",patchlevel="15",version="3.11.15"} 1.0\n# HELP process_virtual_memory_bytes Virtual memory size in bytes.\n# TYPE process_virtual_memory_bytes gauge\nprocess_virtual_memory_bytes 2.06...fallback_total 0.0\n# HELP sentinel_stream_fallback_created Streaming chat requests that fell back to pseudo-stream after a real-stream error\n# TYPE sentinel_stream_fallback_created gauge\nsentinel_stream_fallback_created 1.777504642705677e+09\n# HELP sentinel_stream_first_token_seconds Wall-clock seconds from stream_answer entry to the first emitted chunk\n# TYPE sentinel_stream_first_token_seconds histogram\n# HELP sentinel_chat_decision_total Chat requests by access decision\n# TYPE sentinel_chat_decision_total counter\nsentinel_chat_decision_total{decision="partial"} 1.0\n# HELP sentinel_chat_decision_created Chat requests by access decision\n# TYPE sentinel_chat_decision_created gauge\nsentinel_chat_decision_created{decision="partial"} 1.777504656596835e+09\n# HELP sentinel_guardrail_triggered_total Number of chat queries that matched a sensitive-pattern guardrail\n# TYPE sentinel_guardrail_triggered_total counter\nsentinel_guardrail_triggered_total 0.0\n# HELP sentinel_guardrail_triggered_created Number of chat queries that matched a sensitive-pattern guardrail\n# TYPE sentinel_guardrail_triggered_created gauge\nsentinel_guardrail_triggered_created 1.7775046427057052e+09\n')
E    +    where &lt;built-in method search of re.Pattern object at 0xad4ed1b2baa0&gt; = re.compile('^sentinel_stream_first_token_seconds_bucket(\\{[^}]*\\})?\\s+[0-9.eE+-]+$', re.MULTILINE).search</failure></testcase><testcase classname="backend.tests.test_sentinelrag_v4.TestCounterIncrements" name="test_stream_total_increments" time="2.863" /><testcase classname="backend.tests.test_sentinelrag_v4.TestCounterIncrements" name="test_chat_decision_increments" time="2.744" /><testcase classname="backend.tests.test_sentinelrag_v4.TestCounterIncrements" name="test_guardrail_increments_on_ssn" time="2.998" /><testcase classname="backend.tests.test_sentinelrag_v4.TestCounterIncrements" name="test_first_token_histogram_count_ge_1" time="2.431" /><testcase classname="backend.tests.test_sentinelrag_v4.TestFallbackStaysZero" name="test_fallback_zero_after_multiple_streams" time="7.504" /><testcase classname="backend.tests.test_sentinelrag_v4.TestSmokeScript" name="test_smoke_pass_within_budget" time="3.140" /><testcase classname="backend.tests.test_sentinelrag_v4.TestSmokeScript" name="test_smoke_fail_with_tight_budget" time="2.923" /><testcase classname="backend.tests.test_sentinelrag_v5.TestRegression" name="test_login_all_4_roles" time="1.379" /><testcase classname="backend.tests.test_sentinelrag_v5.TestRegression" name="test_rbac_dave_sees_3_docs" time="0.441" /><testcase classname="backend.tests.test_sentinelrag_v5.TestRegression" name="test_rbac_alice_sees_8_docs" time="0.436" /><testcase classname="backend.tests.test_sentinelrag_v5.TestRegression" name="test_intern_ceo_no_leak" time="1.969" /><testcase classname="backend.tests.test_sentinelrag_v5.TestMetricsTokenGating" name="test_no_header_401" time="0.097" /><testcase classname="backend.tests.test_sentinelrag_v5.TestMetricsTokenGating" name="test_wrong_header_401" time="0.094" /><testcase classname="backend.tests.test_sentinelrag_v5.TestMetricsTokenGating" name="test_correct_header_200" time="0.111" /><testcase classname="backend.tests.test_sentinelrag_v5.TestHistogramPathLabel" name="test_path_real_label_present_after_stream" time="2.740" /><testcase classname="backend.tests.test_sentinelrag_v5.TestCounterIncrementsWithToken" name="test_stream_total_increments" time="3.618" /><testcase classname="backend.tests.test_sentinelrag_v5.TestCounterIncrementsWithToken" name="test_chat_decision_granted_increments" time="2.762" /><testcase classname="backend.tests.test_sentinelrag_v5.TestCounterIncrementsWithToken" name="test_guardrail_increments_on_ssn" time="1.987" /><testcase classname="backend.tests.test_sentinelrag_v5.TestSmokeWithToken" name="test_smoke_with_token_passes" time="3.088" /><testcase classname="backend.tests.test_sentinelrag_v5.TestSmokeWithToken" name="test_smoke_without_token_soft_fallback_passes" time="3.472" /><testcase classname="backend.tests.test_sentinelrag_v5.TestMetricsModuleMultiproc" name="test_metrics_module_imports_cleanly" time="0.071" /><testcase classname="backend.tests.test_sentinelrag_v5.TestMetricsModuleMultiproc" name="test_render_metrics_with_multiproc_env" time="0.073" /><testcase classname="backend.tests.test_sentinelrag_v5.TestMetricsModuleMultiproc" name="test_render_metrics_live_endpoint_returns_nonempty_body" time="0.107" /></testsuite></testsuites>