<?xml version="1.0" encoding="utf-8"?><testsuites name="pytest tests"><testsuite name="pytest" errors="0" failures="0" skipped="0" tests="80" time="154.354" timestamp="2026-04-29T23:26:24.771755+00:00" hostname="agent-env-fb2a8df0-7fdd-4bdd-a0e8-d096faeeeebd"><testcase classname="backend.tests.test_sentinelrag" name="test_login_invalid" time="0.374" /><testcase classname="backend.tests.test_sentinelrag" name="test_jwt_required_on_protected_endpoints" time="0.435" /><testcase classname="backend.tests.test_sentinelrag" name="test_auth_me_returns_user" time="1.447" /><testcase classname="backend.tests.test_sentinelrag" name="test_admin_sees_all_8_docs" time="0.151" /><testcase classname="backend.tests.test_sentinelrag" name="test_intern_sees_exactly_3_docs" time="0.105" /><testcase classname="backend.tests.test_sentinelrag" name="test_employee_sees_engineering_and_all_low" time="0.109" /><testcase classname="backend.tests.test_sentinelrag" name="test_manager_finance_sees_q4_finance" time="0.104" /><testcase classname="backend.tests.test_sentinelrag" name="test_intern_ceo_salary_blocked" time="1.637" /><testcase classname="backend.tests.test_sentinelrag" name="test_admin_ceo_salary_granted" time="3.410" /><testcase classname="backend.tests.test_sentinelrag" name="test_guardrail_flags_ceo_salary" time="5.667" /><testcase classname="backend.tests.test_sentinelrag" name="test_employee_q4_finance_excluded" time="1.852" /><testcase classname="backend.tests.test_sentinelrag" name="test_manager_q4_finance_included" time="2.952" /><testcase classname="backend.tests.test_sentinelrag" name="test_intern_cannot_upload_doc" time="0.153" /><testcase classname="backend.tests.test_sentinelrag" name="test_admin_can_upload_and_delete" time="0.794" /><testcase classname="backend.tests.test_sentinelrag" name="test_intern_cannot_delete" time="0.130" /><testcase classname="backend.tests.test_sentinelrag" name="test_audit_logs_admin_only" time="0.246" /><testcase classname="backend.tests.test_sentinelrag" name="test_users_admin_only" time="0.360" /><testcase classname="backend.tests.test_sentinelrag_v2" name="test_guardrail_no_false_positive_on_lessons" time="3.339" /><testcase classname="backend.tests.test_sentinelrag_v2" name="test_guardrail_triggers_on_standalone_ssn" time="1.731" /><testcase classname="backend.tests.test_sentinelrag_v2" name="test_guardrail_triggers_on_social_security" time="2.433" /><testcase classname="backend.tests.test_sentinelrag_v2" name="test_intern_chroma_prefilter_excludes_sensitive_docs[What is the CEO compensation package?]" time="1.670" /><testcase classname="backend.tests.test_sentinelrag_v2" name="test_intern_chroma_prefilter_excludes_sensitive_docs[Tell me about Q4 finance and revenue numbers]" time="1.812" /><testcase classname="backend.tests.test_sentinelrag_v2" name="test_intern_chroma_prefilter_excludes_sensitive_docs[Describe the recent security incident retrospective]" time="2.566" /><testcase classname="backend.tests.test_sentinelrag_v2" name="test_intern_chroma_prefilter_excludes_sensitive_docs[What is the marketing strategy for 2026?]" time="3.000" /><testcase classname="backend.tests.test_sentinelrag_v2" name="test_chat_stream_requires_auth" time="0.132" /><testcase classname="backend.tests.test_sentinelrag_v2" name="test_chat_stream_admin_event_sequence" time="9.123" /><testcase classname="backend.tests.test_sentinelrag_v2" name="test_chat_stream_intern_ceo_no_leak" time="1.644" /><testcase classname="backend.tests.test_sentinelrag_v2" name="test_chroma_index_live_after_upload_and_delete" time="9.478" /><testcase classname="backend.tests.test_sentinelrag_v3" name="test_true_streaming_ttft_reflects_model_latency" time="8.499" /><testcase classname="backend.tests.test_sentinelrag_v3" name="test_streamed_intern_ceo_no_numerical_leak" time="1.433" /><testcase classname="backend.tests.test_sentinelrag_v3" name="test_warmup_function_exists_and_callable" time="1.052" /><testcase classname="backend.tests.test_sentinelrag_v3" name="test_startup_log_contains_embedder_warm" time="0.001" /><testcase classname="backend.tests.test_sentinelrag_v3" name="test_stream_answer_has_fallback_path" time="0.000" /><testcase classname="backend.tests.test_sentinelrag_v3" name="test_batch_chat_after_warmup" time="2.807" /><testcase classname="backend.tests.test_sentinelrag_v4.TestRegression" name="test_login_all_roles" time="1.365" /><testcase classname="backend.tests.test_sentinelrag_v4.TestRegression" name="test_rbac_dave_sees_3" time="0.941" /><testcase classname="backend.tests.test_sentinelrag_v4.TestRegression" name="test_rbac_alice_sees_8" time="0.452" /><testcase classname="backend.tests.test_sentinelrag_v4.TestRegression" name="test_intern_ceo_no_leak" time="2.115" /><testcase classname="backend.tests.test_sentinelrag_v4.TestMetricsEndpoint" name="test_metrics_no_auth_required" time="0.108" /><testcase classname="backend.tests.test_sentinelrag_v4.TestMetricsEndpoint" name="test_metrics_content_type_text_plain" time="0.107" /><testcase classname="backend.tests.test_sentinelrag_v4.TestMetricsEndpoint" name="test_metrics_contains_required_series" time="1.561" /><testcase classname="backend.tests.test_sentinelrag_v4.TestCounterIncrements" name="test_stream_total_increments" time="4.554" /><testcase classname="backend.tests.test_sentinelrag_v4.TestCounterIncrements" name="test_chat_decision_increments" time="2.876" /><testcase classname="backend.tests.test_sentinelrag_v4.TestCounterIncrements" name="test_guardrail_increments_on_ssn" time="4.329" /><testcase classname="backend.tests.test_sentinelrag_v4.TestCounterIncrements" name="test_first_token_histogram_count_ge_1" time="2.713" /><testcase classname="backend.tests.test_sentinelrag_v4.TestFallbackStaysZero" name="test_fallback_zero_after_multiple_streams" time="10.829" /><testcase classname="backend.tests.test_sentinelrag_v4.TestSmokeScript" name="test_smoke_pass_within_budget" time="3.482" /><testcase classname="backend.tests.test_sentinelrag_v4.TestSmokeScript" name="test_smoke_fail_with_tight_budget" time="3.436" /><testcase classname="backend.tests.test_sentinelrag_v5.TestRegression" name="test_login_all_4_roles" time="1.461" /><testcase classname="backend.tests.test_sentinelrag_v5.TestRegression" name="test_rbac_dave_sees_3_docs" time="0.528" /><testcase classname="backend.tests.test_sentinelrag_v5.TestRegression" name="test_rbac_alice_sees_8_docs" time="0.480" /><testcase classname="backend.tests.test_sentinelrag_v5.TestRegression" name="test_intern_ceo_no_leak" time="2.672" /><testcase classname="backend.tests.test_sentinelrag_v5.TestMetricsTokenGating" name="test_no_header_401" time="0.149" /><testcase classname="backend.tests.test_sentinelrag_v5.TestMetricsTokenGating" name="test_wrong_header_401" time="0.102" /><testcase classname="backend.tests.test_sentinelrag_v5.TestMetricsTokenGating" name="test_correct_header_200" time="0.123" /><testcase classname="backend.tests.test_sentinelrag_v5.TestHistogramPathLabel" name="test_path_real_label_present_after_stream" time="3.069" /><testcase classname="backend.tests.test_sentinelrag_v5.TestCounterIncrementsWithToken" name="test_stream_total_increments" time="2.973" /><testcase classname="backend.tests.test_sentinelrag_v5.TestCounterIncrementsWithToken" name="test_chat_decision_granted_increments" time="3.288" /><testcase classname="backend.tests.test_sentinelrag_v5.TestCounterIncrementsWithToken" name="test_guardrail_increments_on_ssn" time="2.883" /><testcase classname="backend.tests.test_sentinelrag_v5.TestSmokeWithToken" name="test_smoke_with_token_passes" time="3.588" /><testcase classname="backend.tests.test_sentinelrag_v5.TestSmokeWithToken" name="test_smoke_without_token_soft_fallback_passes" time="3.312" /><testcase classname="backend.tests.test_sentinelrag_v5.TestMetricsModuleMultiproc" name="test_metrics_module_imports_cleanly" time="0.128" /><testcase classname="backend.tests.test_sentinelrag_v5.TestMetricsModuleMultiproc" name="test_render_metrics_with_multiproc_env" time="0.087" /><testcase classname="backend.tests.test_sentinelrag_v5.TestMetricsModuleMultiproc" name="test_render_metrics_live_endpoint_returns_nonempty_body" time="0.102" /><testcase classname="backend.tests.test_sentinelrag_v6.TestMetricsTokenHmac" name="test_no_header_returns_401" time="0.110" /><testcase classname="backend.tests.test_sentinelrag_v6.TestMetricsTokenHmac" name="test_wrong_token_returns_401" time="0.105" /><testcase classname="backend.tests.test_sentinelrag_v6.TestMetricsTokenHmac" name="test_wrong_same_length_returns_401" time="0.131" /><testcase classname="backend.tests.test_sentinelrag_v6.TestMetricsTokenHmac" name="test_empty_header_returns_401" time="0.112" /><testcase classname="backend.tests.test_sentinelrag_v6.TestMetricsTokenHmac" name="test_correct_token_returns_200" time="0.117" /><testcase classname="backend.tests.test_sentinelrag_v6.TestMetricsTokenHmac" name="test_server_did_not_crash_after_bad_requests" time="0.892" /><testcase classname="backend.tests.test_sentinelrag_v6.TestCardinalityLock" name="test_observe_first_token_unknown_path_raises" time="0.072" /><testcase classname="backend.tests.test_sentinelrag_v6.TestCardinalityLock" name="test_observe_first_token_known_paths_ok" time="0.076" /><testcase classname="backend.tests.test_sentinelrag_v6.TestCardinalityLock" name="test_both_child_series_present_in_exposition" time="0.106" /><testcase classname="backend.tests.test_sentinelrag_v6.TestCardinalityLock" name="test_stream_increments_real_not_fallback" time="3.301" /><testcase classname="backend.tests.test_sentinelrag_v6.TestSmokeStreamWarnOn401" name="test_smoke_warn_when_no_token_against_protected_backend" time="3.338" /><testcase classname="backend.tests.test_sentinelrag_v6.TestSmokeStreamWarnOn401" name="test_smoke_no_warn_when_correct_token" time="3.081" /><testcase classname="backend.tests.test_sentinelrag_v6.TestIter6Regression" name="test_four_role_login" time="1.330" /><testcase classname="backend.tests.test_sentinelrag_v6.TestIter6Regression" name="test_guardrail_still_fires" time="2.336" /><testcase classname="backend.tests.test_sentinelrag_v6.TestIter6Regression" name="test_intern_ceo_no_leak" time="2.052" /><testcase classname="backend.tests.test_sentinelrag_v6.TestIter6Regression" name="test_stream_total_increments" time="2.615" /></testsuite></testsuites>