<?xml version="1.0" encoding="utf-8"?><testsuites name="pytest tests"><testsuite name="pytest" errors="0" failures="0" skipped="0" tests="28" time="50.064" timestamp="2026-04-29T22:51:28.441224+00:00" hostname="agent-env-fb2a8df0-7fdd-4bdd-a0e8-d096faeeeebd"><testcase classname="backend.tests.test_sentinelrag" name="test_login_invalid" time="3.470" /><testcase classname="backend.tests.test_sentinelrag" name="test_jwt_required_on_protected_endpoints" time="0.483" /><testcase classname="backend.tests.test_sentinelrag" name="test_auth_me_returns_user" time="1.620" /><testcase classname="backend.tests.test_sentinelrag" name="test_admin_sees_all_8_docs" time="0.137" /><testcase classname="backend.tests.test_sentinelrag" name="test_intern_sees_exactly_3_docs" time="0.155" /><testcase classname="backend.tests.test_sentinelrag" name="test_employee_sees_engineering_and_all_low" time="0.123" /><testcase classname="backend.tests.test_sentinelrag" name="test_manager_finance_sees_q4_finance" time="0.133" /><testcase classname="backend.tests.test_sentinelrag" name="test_intern_ceo_salary_blocked" time="2.713" /><testcase classname="backend.tests.test_sentinelrag" name="test_admin_ceo_salary_granted" time="3.113" /><testcase classname="backend.tests.test_sentinelrag" name="test_guardrail_flags_ceo_salary" time="2.946" /><testcase classname="backend.tests.test_sentinelrag" name="test_employee_q4_finance_excluded" time="2.013" /><testcase classname="backend.tests.test_sentinelrag" name="test_manager_q4_finance_included" time="3.332" /><testcase classname="backend.tests.test_sentinelrag" name="test_intern_cannot_upload_doc" time="0.154" /><testcase classname="backend.tests.test_sentinelrag" name="test_admin_can_upload_and_delete" time="0.901" /><testcase classname="backend.tests.test_sentinelrag" name="test_intern_cannot_delete" time="0.110" /><testcase classname="backend.tests.test_sentinelrag" name="test_audit_logs_admin_only" time="0.221" /><testcase classname="backend.tests.test_sentinelrag" name="test_users_admin_only" time="0.288" /><testcase classname="backend.tests.test_sentinelrag_v2" name="test_guardrail_no_false_positive_on_lessons" time="3.389" /><testcase classname="backend.tests.test_sentinelrag_v2" name="test_guardrail_triggers_on_standalone_ssn" time="1.681" /><testcase classname="backend.tests.test_sentinelrag_v2" name="test_guardrail_triggers_on_social_security" time="1.632" /><testcase classname="backend.tests.test_sentinelrag_v2" name="test_intern_chroma_prefilter_excludes_sensitive_docs[What is the CEO compensation package?]" time="1.768" /><testcase classname="backend.tests.test_sentinelrag_v2" name="test_intern_chroma_prefilter_excludes_sensitive_docs[Tell me about Q4 finance and revenue numbers]" time="1.935" /><testcase classname="backend.tests.test_sentinelrag_v2" name="test_intern_chroma_prefilter_excludes_sensitive_docs[Describe the recent security incident retrospective]" time="1.953" /><testcase classname="backend.tests.test_sentinelrag_v2" name="test_intern_chroma_prefilter_excludes_sensitive_docs[What is the marketing strategy for 2026?]" time="2.515" /><testcase classname="backend.tests.test_sentinelrag_v2" name="test_chat_stream_requires_auth" time="0.140" /><testcase classname="backend.tests.test_sentinelrag_v2" name="test_chat_stream_admin_event_sequence" time="3.781" /><testcase classname="backend.tests.test_sentinelrag_v2" name="test_chat_stream_intern_ceo_no_leak" time="2.036" /><testcase classname="backend.tests.test_sentinelrag_v2" name="test_chroma_index_live_after_upload_and_delete" time="7.131" /></testsuite></testsuites>