<?xml version="1.0" encoding="utf-8"?><testsuites name="pytest tests"><testsuite name="pytest" errors="0" failures="0" skipped="0" tests="17" time="15.824" timestamp="2026-04-29T22:32:36.759462+00:00" hostname="agent-env-fb2a8df0-7fdd-4bdd-a0e8-d096faeeeebd"><testcase classname="backend.tests.test_sentinelrag" name="test_login_invalid" time="0.610" /><testcase classname="backend.tests.test_sentinelrag" name="test_jwt_required_on_protected_endpoints" time="0.534" /><testcase classname="backend.tests.test_sentinelrag" name="test_auth_me_returns_user" time="1.643" /><testcase classname="backend.tests.test_sentinelrag" name="test_admin_sees_all_8_docs" time="0.222" /><testcase classname="backend.tests.test_sentinelrag" name="test_intern_sees_exactly_3_docs" time="0.149" /><testcase classname="backend.tests.test_sentinelrag" name="test_employee_sees_engineering_and_all_low" time="0.115" /><testcase classname="backend.tests.test_sentinelrag" name="test_manager_finance_sees_q4_finance" time="0.162" /><testcase classname="backend.tests.test_sentinelrag" name="test_intern_ceo_salary_blocked" time="1.684" /><testcase classname="backend.tests.test_sentinelrag" name="test_admin_ceo_salary_granted" time="2.634" /><testcase classname="backend.tests.test_sentinelrag" name="test_guardrail_flags_ceo_salary" time="2.316" /><testcase classname="backend.tests.test_sentinelrag" name="test_employee_q4_finance_excluded" time="1.454" /><testcase classname="backend.tests.test_sentinelrag" name="test_manager_q4_finance_included" time="2.760" /><testcase classname="backend.tests.test_sentinelrag" name="test_intern_cannot_upload_doc" time="0.112" /><testcase classname="backend.tests.test_sentinelrag" name="test_admin_can_upload_and_delete" time="0.548" /><testcase classname="backend.tests.test_sentinelrag" name="test_intern_cannot_delete" time="0.130" /><testcase classname="backend.tests.test_sentinelrag" name="test_audit_logs_admin_only" time="0.222" /><testcase classname="backend.tests.test_sentinelrag" name="test_users_admin_only" time="0.332" /></testsuite></testsuites>